<?xml version="1.0" encoding="UTF-8"?>
<!-- Generated by org.testng.reporters.JUnitXMLReporter -->
<testsuite ignored="3" hostname="5CG9378HNN" failures="0" tests="8" name="Test" time="17.303" errors="0" timestamp="2023-07-10T08:35:37 IST">
  <testcase classname="com.obsqura.TestNGframework.Base" name="@BeforeMethod intialiseBrowser" time="1.983">
    <failure type="org.openqa.selenium.WebDriverException" message="unknown error: cannot determine loading status
from disconnected: received Inspector.detached event
  (Session info: chrome=114.0.5735.199)
Build info: version: &amp;apos;4.9.1&amp;apos;, revision: &amp;apos;eb2032df7f&amp;apos;
System info: os.name: &amp;apos;Windows 10&amp;apos;, os.arch: &amp;apos;amd64&amp;apos;, os.version: &amp;apos;10.0&amp;apos;, java.version: &amp;apos;17.0.1&amp;apos;
Driver info: org.openqa.selenium.chrome.ChromeDriver
Command: [e31b3879a842f338ab7de7d0b74398a5, get {url=https://selenium.obsqurazone.com/simple-form-demo.php}]
Capabilities {acceptInsecureCerts: false, browserName: chrome, browserVersion: 114.0.5735.199, chrome: {chromedriverVersion: 114.0.5735.90 (386bc09e8f4f..., userDataDir: C:\WINDOWS\SystemTemp\scope...}, goog:chromeOptions: {debuggerAddress: localhost:53079}, networkConnectionEnabled: false, pageLoadStrategy: normal, platformName: windows, proxy: Proxy(), se:cdp: ws://localhost:53079/devtoo..., se:cdpVersion: 114.0.5735.199, setWindowRect: true, strictFileInteractability: false, timeouts: {implicit: 0, pageLoad: 300000, script: 30000}, unhandledPromptBehavior: dismiss and notify, webauthn:extension:credBlob: true, webauthn:extension:largeBlob: true, webauthn:extension:minPinLength: true, webauthn:extension:prf: true, webauthn:virtualAuthenticators: true}
Session ID: e31b3879a842f338ab7de7d0b74398a5">
      <![CDATA[org.openqa.selenium.WebDriverException: unknown error: cannot determine loading status
from disconnected: received Inspector.detached event
  (Session info: chrome=114.0.5735.199)
Build info: version: '4.9.1', revision: 'eb2032df7f'
System info: os.name: 'Windows 10', os.arch: 'amd64', os.version: '10.0', java.version: '17.0.1'
Driver info: org.openqa.selenium.chrome.ChromeDriver
Command: [e31b3879a842f338ab7de7d0b74398a5, get {url=https://selenium.obsqurazone.com/simple-form-demo.php}]
Capabilities {acceptInsecureCerts: false, browserName: chrome, browserVersion: 114.0.5735.199, chrome: {chromedriverVersion: 114.0.5735.90 (386bc09e8f4f..., userDataDir: C:\WINDOWS\SystemTemp\scope...}, goog:chromeOptions: {debuggerAddress: localhost:53079}, networkConnectionEnabled: false, pageLoadStrategy: normal, platformName: windows, proxy: Proxy(), se:cdp: ws://localhost:53079/devtoo..., se:cdpVersion: 114.0.5735.199, setWindowRect: true, strictFileInteractability: false, timeouts: {implicit: 0, pageLoad: 300000, script: 30000}, unhandledPromptBehavior: dismiss and notify, webauthn:extension:credBlob: true, webauthn:extension:largeBlob: true, webauthn:extension:minPinLength: true, webauthn:extension:prf: true, webauthn:virtualAuthenticators: true}
Session ID: e31b3879a842f338ab7de7d0b74398a5
at org.openqa.selenium.remote.codec.w3c.W3CHttpResponseCodec.createException(W3CHttpResponseCodec.java:200)
at org.openqa.selenium.remote.codec.w3c.W3CHttpResponseCodec.decode(W3CHttpResponseCodec.java:133)
at org.openqa.selenium.remote.codec.w3c.W3CHttpResponseCodec.decode(W3CHttpResponseCodec.java:53)
at org.openqa.selenium.remote.HttpCommandExecutor.execute(HttpCommandExecutor.java:193)
at org.openqa.selenium.remote.service.DriverCommandExecutor.invokeExecute(DriverCommandExecutor.java:183)
at org.openqa.selenium.remote.service.DriverCommandExecutor.execute(DriverCommandExecutor.java:158)
at org.openqa.selenium.remote.RemoteWebDriver.execute(RemoteWebDriver.java:543)
at org.openqa.selenium.remote.RemoteWebDriver.get(RemoteWebDriver.java:297)
at com.obsqura.TestNGframework.Base.intialiseBrowser(Base.java:19)
at java.base/java.util.ArrayList.forEach(ArrayList.java:1511)
... Removed 36 stack frames]]>
    </failure>
  </testcase> <!-- @BeforeMethod intialiseBrowser -->
  <testcase classname="com.obsqura.TestNGframework.Base" name="@AfterMethod browserCloseorQuit" time="0.0">
    <skipped/>
  </testcase> <!-- @AfterMethod browserCloseorQuit -->
  <testcase classname="com.obsqura.TestNGframework.Base" name="@BeforeMethod intialiseBrowser" time="0.0">
    <skipped/>
  </testcase> <!-- @BeforeMethod intialiseBrowser -->
  <testcase classname="com.obsqura.TestNGframework.Base" name="@AfterMethod browserCloseorQuit" time="0.0">
    <skipped/>
  </testcase> <!-- @AfterMethod browserCloseorQuit -->
  <testcase classname="com.obsqura.TestNGframework.Base" name="@BeforeMethod intialiseBrowser" time="0.0">
    <skipped/>
  </testcase> <!-- @BeforeMethod intialiseBrowser -->
  <testcase classname="com.obsqura.TestNGframework.Base" name="@AfterMethod browserCloseorQuit" time="0.0">
    <skipped/>
  </testcase> <!-- @AfterMethod browserCloseorQuit -->
  <testcase classname="com.obsqura.TestNGframework.Base" name="@BeforeMethod intialiseBrowser" time="0.0">
    <skipped/>
  </testcase> <!-- @BeforeMethod intialiseBrowser -->
  <testcase classname="com.obsqura.TestNGframework.Base" name="@AfterMethod browserCloseorQuit" time="0.0">
    <skipped/>
  </testcase> <!-- @AfterMethod browserCloseorQuit -->
  <testcase classname="com.obsqura.TestNGframework.Base" name="@BeforeMethod intialiseBrowser" time="0.0">
    <skipped/>
  </testcase> <!-- @BeforeMethod intialiseBrowser -->
  <testcase classname="com.obsqura.TestNGframework.Base" name="@AfterMethod browserCloseorQuit" time="0.0">
    <skipped/>
  </testcase> <!-- @AfterMethod browserCloseorQuit -->
  <testcase classname="com.obsqura.TestNGframework.AssertionA" name="verifySingleInputFieldwhenEnterDataOnTextFieldAndClickOnShowMessageButton" time="0.305"/>
  <testcase classname="com.obsqura.TestNGframework.AssertionA" name="assertTrueSample" time="0.003"/>
  <testcase classname="com.obsqura.TestNGframework.AssertionA" name="verifyBackgroundColorOfShowMessgeButton" time="0.044"/>
  <testcase classname="com.obsqura.TestNGframework.AssertionA" name="verifyFontWeightOfShowMessageButton" time="0.0">
    <skipped/>
  </testcase> <!-- verifyFontWeightOfShowMessageButton -->
  <testcase classname="com.obsqura.TestNGframework.AssertionA" name="verifyColorOfShowButton" time="0.001">
    <skipped/>
  </testcase> <!-- verifyColorOfShowButton -->
  <testcase classname="com.obsqura.TestNGframework.AssertionA" name="verifyShowMessageButtonText" time="0.006">
    <skipped/>
  </testcase> <!-- verifyShowMessageButtonText -->
  <testcase classname="com.obsqura.TestNGframework.AssertionA" name="verifyShowButtonDisplayed" time="0.0">
    <skipped/>
  </testcase> <!-- verifyShowButtonDisplayed -->
  <testcase classname="com.obsqura.TestNGframework.AssertionA" name="verifyTwoInputFieldwhenEnterDataOnTextFieldAndClickOnGetTotalButton" time="0.001">
    <skipped/>
  </testcase> <!-- verifyTwoInputFieldwhenEnterDataOnTextFieldAndClickOnGetTotalButton -->
  <testcase classname="com.obsqura.TestNGframework.AssertionA" name="assertNotNullSample" time="0.0">
    <ignored/>
  </testcase> <!-- assertNotNullSample -->
  <testcase classname="com.obsqura.TestNGframework.AssertionA" name="assertFalseSample" time="0.0">
    <ignored/>
  </testcase> <!-- assertFalseSample -->
  <testcase classname="com.obsqura.TestNGframework.AssertionA" name="assertNullSample" time="0.0">
    <ignored/>
  </testcase> <!-- assertNullSample -->
</testsuite> <!-- Test -->
